Arguments: 
  /Users/hieuvu/Library/Application Support/fnm/node-versions/v18.15.0/installation/bin/node /opt/homebrew/Cellar/yarn/1.22.19/libexec/bin/yarn.js publish

PATH: 
  /Users/hieuvu/Library/Caches/fnm_multishells/87163_1682010081442/bin:/opt/homebrew/opt/openssl@3/bin:/opt/homebrew/opt/openssl@3/bin://Users/hieuvu/Library/Android/sdk/platform-tools://Users/hieuvu/Workspaces/go/bin:/opt/homebrew/bin:/opt/homebrew/sbin:/usr/local/bin:/System/Cryptexes/App/usr/bin:/usr/bin:/bin:/usr/sbin:/sbin:/Library/Apple/usr/bin:/Users/hieuvu/Library/Caches/fnm_multishells/42659_1681929837783/bin:/opt/homebrew/opt/openssl@3/bin://Users/hieuvu/Library/Android/sdk/platform-tools://Users/hieuvu/Workspaces/go/bin:/opt/homebrew/bin:/opt/homebrew/sbin:/Users/hieuvu/.cargo/bin:/Users/hieuvu/Library/Android/sdk/emulator:/Users/hieuvu/Library/Android/sdk/tools:/Users/hieuvu/Library/Android/sdk/tools/bin:/Users/hieuvu/Library/Android/sdk/platform-tools:/Users/hieuvu/Library/Android/sdk/emulator:/Users/hieuvu/Library/Android/sdk/tools:/Users/hieuvu/Library/Android/sdk/tools/bin:/Users/hieuvu/Library/Android/sdk/platform-tools

Yarn version: 
  1.22.19

Node version: 
  18.15.0

Platform: 
  darwin arm64

Trace: 
  Error: canceled
      at Interface.<anonymous> (/opt/homebrew/Cellar/yarn/1.22.19/libexec/lib/cli.js:137150:13)
      at Interface.emit (node:events:513:28)
      at [_ttyWrite] [as _ttyWrite] (node:internal/readline/interface:1131:18)
      at ReadStream.onkeypress (node:internal/readline/interface:270:20)
      at ReadStream.emit (node:events:513:28)
      at emitKeys (node:internal/readline/utils:357:14)
      at emitKeys.next (<anonymous>)
      at ReadStream.onData (node:internal/readline/emitKeypressEvents:64:36)
      at ReadStream.emit (node:events:513:28)
      at addChunk (node:internal/streams/readable:324:12)

npm manifest: 
  {
    "$schema": "https://www.raycast.com/schemas/extension.json",
    "name": "mochi",
    "title": "Mochi",
    "description": "Mochi extension for Raycast",
    "icon": "command-icon.png",
    "author": "hieuvd",
    "owner": "hieuvu",
    "categories": [
      "Finance"
    ],
    "license": "MIT",
    "commands": [
      {
        "name": "ticker",
        "title": "Ticker",
        "subtitle": "View token price",
        "description": "View token price",
        "mode": "view",
        "arguments": [
          {
            "name": "token",
            "placeholder": "Token ID or symbol",
            "type": "text",
            "required": true
          }
        ]
      },
      {
        "name": "wl",
        "title": "Watch List",
        "subtitle": "View your watch list",
        "description": "View your watch list",
        "mode": "view"
      },
      {
        "name": "market",
        "title": "Coin Market",
        "subtitle": "View coin market data",
        "description": "View coin market data",
        "mode": "view"
      }
    ],
    "dependencies": {
      "@raycast/api": "^1.49.3",
      "@raycast/utils": "^1.5.2",
      "async": "^3.2.4",
      "axios": "^1.3.5",
      "dayjs": "^1.11.7",
      "fuse.js": "^6.6.2",
      "lodash": "^4.17.21",
      "swr": "^2.1.3"
    },
    "devDependencies": {
      "@raycast/eslint-config": "1.0.5",
      "@types/async": "^3.2.18",
      "@types/lodash": "^4.14.194",
      "@types/node": "18.8.3",
      "@types/react": "18.0.9",
      "eslint": "^7.32.0",
      "prettier": "^2.5.1",
      "typescript": "^4.4.3"
    },
    "scripts": {
      "build": "ray build -e dist",
      "dev": "ray develop",
      "fix-lint": "ray lint --fix",
      "lint": "ray lint",
      "publish": "npx @raycast/api@latest publish"
    },
    "version": "0.0.0"
  }

yarn manifest: 
  No manifest

Lockfile: 
  No lockfile
